<?xml version="1.0" encoding="UTF-8"?>
<!-- Generated by org.testng.reporters.JUnitXMLReporter -->
<testsuite ignored="0" hostname="karunakar-Latitude-7410" failures="0" tests="2" name="medplusmartTest" time="67.263" errors="0" timestamp="2025-07-08T17:53:18 IST">
  <testcase classname="com.medplusmart.MartTestNg" name="@AfterClass afterClass" time="-1.75197739883E9">
    <failure type="org.testng.TestNGException" message="
Can inject only one of &amp;lt;ITestContext, XmlTest&amp;gt; into a @AfterClass annotated afterClass.
For more information on native dependency injection please refer to https://testng.org/#_dependency_injection">
      <![CDATA[org.testng.TestNGException: 
Can inject only one of <ITestContext, XmlTest> into a @AfterClass annotated afterClass.
For more information on native dependency injection please refer to https://testng.org/#_dependency_injection
at java.base/java.util.ArrayList.forEach(ArrayList.java:1541)
... Removed 23 stack frames]]>
    </failure>
  </testcase> <!-- @AfterClass afterClass -->
  <testcase classname="com.medplusmart.MartTestNg" name="assetLogin" time="6.641"/>
  <testcase classname="com.medplusmart.MartTestNg" name="assetCreater" time="27.412"/>
</testsuite> <!-- medplusmartTest -->
