# JRE version: Java(TM) SE Runtime Environment (8.0_162-b12) (build 1.8.0_162-b12)
# Java VM: Java HotSpot(TM) 64-Bit Server VM (25.162-b12 mixed mode linux-amd64 compressed oops)
Heap:
 PSYoungGen      total 73728K, used 53540K [0x000000076e780000, 0x0000000773980000, 0x00000007c0000000)
  eden space 63488K, 84% used [0x000000076e780000,0x0000000771bc9388,0x0000000772580000)
  from space 10240K, 0% used [0x0000000772580000,0x0000000772580000,0x0000000772f80000)
  to   space 10240K, 0% used [0x0000000772f80000,0x0000000772f80000,0x0000000773980000)
 ParOldGen       total 120320K, used 7551K [0x00000006cb600000, 0x00000006d2b80000, 0x000000076e780000)
  object space 120320K, 6% used [0x00000006cb600000,0x00000006cbd5fdf0,0x00000006d2b80000)
 Metaspace       used 24465K, capacity 24880K, committed 25088K, reserved 1071104K
  class space    used 2841K, capacity 2979K, committed 3072K, reserved 1048576K
GC Heap History (4 events):
Event: 2.741 GC heap before
{Heap before GC invocations=1 (full 0):
 PSYoungGen      total 73728K, used 60961K [0x000000076e780000, 0x0000000773980000, 0x00000007c0000000)
  eden space 63488K, 96% used [0x000000076e780000,0x00000007723086a0,0x0000000772580000)
  from space 10240K, 0% used [0x0000000772f80000,0x0000000772f80000,0x0000000773980000)
  to   space 10240K, 0% used [0x0000000772580000,0x0000000772580000,0x0000000772f80000)
 ParOldGen       total 167936K, used 0K [0x00000006cb600000, 0x00000006d5a00000, 0x000000076e780000)
  object space 167936K, 0% used [0x00000006cb600000,0x00000006cb600000,0x00000006d5a00000)
 Metaspace       used 20974K, capacity 21224K, committed 21248K, reserved 1069056K
  class space    used 2461K, capacity 2559K, committed 2560K, reserved 1048576K
Event: 2.750 GC heap after
Heap after GC invocations=1 (full 0):
 PSYoungGen      total 73728K, used 7703K [0x000000076e780000, 0x0000000773980000, 0x00000007c0000000)
  eden space 63488K, 0% used [0x000000076e780000,0x000000076e780000,0x0000000772580000)
  from space 10240K, 75% used [0x0000000772580000,0x0000000772d05c18,0x0000000772f80000)
  to   space 10240K, 0% used [0x0000000772f80000,0x0000000772f80000,0x0000000773980000)
 ParOldGen       total 167936K, used 96K [0x00000006cb600000, 0x00000006d5a00000, 0x000000076e780000)
  object space 167936K, 0% used [0x00000006cb600000,0x00000006cb618010,0x00000006d5a00000)
 Metaspace       used 20974K, capacity 21224K, committed 21248K, reserved 1069056K
  class space    used 2461K, capacity 2559K, committed 2560K, reserved 1048576K
}
Event: 2.750 GC heap before
{Heap before GC invocations=2 (full 1):
 PSYoungGen      total 73728K, used 7703K [0x000000076e780000, 0x0000000773980000, 0x00000007c0000000)
  eden space 63488K, 0% used [0x000000076e780000,0x000000076e780000,0x0000000772580000)
  from space 10240K, 75% used [0x0000000772580000,0x0000000772d05c18,0x0000000772f80000)
  to   space 10240K, 0% used [0x0000000772f80000,0x0000000772f80000,0x0000000773980000)
 ParOldGen       total 167936K, used 96K [0x00000006cb600000, 0x00000006d5a00000, 0x000000076e780000)
  object space 167936K, 0% used [0x00000006cb600000,0x00000006cb618010,0x00000006d5a00000)
 Metaspace       used 20974K, capacity 21224K, committed 21248K, reserved 1069056K
  class space    used 2461K, capacity 2559K, committed 2560K, reserved 1048576K
Event: 2.777 GC heap after
Heap after GC invocations=2 (full 1):
 PSYoungGen      total 73728K, used 0K [0x000000076e780000, 0x0000000773980000, 0x00000007c0000000)
  eden space 63488K, 0% used [0x000000076e780000,0x000000076e780000,0x0000000772580000)
  from space 10240K, 0% used [0x0000000772580000,0x0000000772580000,0x0000000772f80000)
  to   space 10240K, 0% used [0x0000000772f80000,0x0000000772f80000,0x0000000773980000)
 ParOldGen       total 120320K, used 7551K [0x00000006cb600000, 0x00000006d2b80000, 0x000000076e780000)
  object space 120320K, 6% used [0x00000006cb600000,0x00000006cbd5fdf0,0x00000006d2b80000)
 Metaspace       used 20952K, capacity 21188K, committed 21248K, reserved 1069056K
  class space    used 2458K, capacity 2553K, committed 2560K, reserved 1048576K
}

