# JRE version: Java(TM) SE Runtime Environment (8.0_162-b12) (build 1.8.0_162-b12)
# Java VM: Java HotSpot(TM) 64-Bit Server VM (25.162-b12 mixed mode linux-amd64 compressed oops)
Heap:
 PSYoungGen      total 73728K, used 27733K [0x000000076e780000, 0x0000000774300000, 0x00000007c0000000)
  eden space 63488K, 37% used [0x000000076e780000,0x000000076fec5cd0,0x0000000772580000)
  from space 10240K, 38% used [0x0000000772f80000,0x000000077334f7b0,0x0000000773980000)
  to   space 10240K, 0% used [0x0000000772580000,0x0000000772580000,0x0000000772f80000)
 ParOldGen       total 121344K, used 7699K [0x00000006cb600000, 0x00000006d2c80000, 0x000000076e780000)
  object space 121344K, 6% used [0x00000006cb600000,0x00000006cbd84e50,0x00000006d2c80000)
 Metaspace       used 24678K, capacity 25012K, committed 25344K, reserved 1071104K
  class space    used 2869K, capacity 2977K, committed 3072K, reserved 1048576K
GC Heap History (6 events):
Event: 2.480 GC heap before
{Heap before GC invocations=1 (full 0):
 PSYoungGen      total 73728K, used 59700K [0x000000076e780000, 0x0000000773980000, 0x00000007c0000000)
  eden space 63488K, 94% used [0x000000076e780000,0x00000007721cd140,0x0000000772580000)
  from space 10240K, 0% used [0x0000000772f80000,0x0000000772f80000,0x0000000773980000)
  to   space 10240K, 0% used [0x0000000772580000,0x0000000772580000,0x0000000772f80000)
 ParOldGen       total 167936K, used 0K [0x00000006cb600000, 0x00000006d5a00000, 0x000000076e780000)
  object space 167936K, 0% used [0x00000006cb600000,0x00000006cb600000,0x00000006d5a00000)
 Metaspace       used 20964K, capacity 21198K, committed 21248K, reserved 1069056K
  class space    used 2457K, capacity 2552K, committed 2560K, reserved 1048576K
Event: 2.486 GC heap after
Heap after GC invocations=1 (full 0):
 PSYoungGen      total 73728K, used 7684K [0x000000076e780000, 0x0000000773980000, 0x00000007c0000000)
  eden space 63488K, 0% used [0x000000076e780000,0x000000076e780000,0x0000000772580000)
  from space 10240K, 75% used [0x0000000772580000,0x0000000772d013d8,0x0000000772f80000)
  to   space 10240K, 0% used [0x0000000772f80000,0x0000000772f80000,0x0000000773980000)
 ParOldGen       total 167936K, used 96K [0x00000006cb600000, 0x00000006d5a00000, 0x000000076e780000)
  object space 167936K, 0% used [0x00000006cb600000,0x00000006cb618010,0x00000006d5a00000)
 Metaspace       used 20964K, capacity 21198K, committed 21248K, reserved 1069056K
  class space    used 2457K, capacity 2552K, committed 2560K, reserved 1048576K
}
Event: 2.486 GC heap before
{Heap before GC invocations=2 (full 1):
 PSYoungGen      total 73728K, used 7684K [0x000000076e780000, 0x0000000773980000, 0x00000007c0000000)
  eden space 63488K, 0% used [0x000000076e780000,0x000000076e780000,0x0000000772580000)
  from space 10240K, 75% used [0x0000000772580000,0x0000000772d013d8,0x0000000772f80000)
  to   space 10240K, 0% used [0x0000000772f80000,0x0000000772f80000,0x0000000773980000)
 ParOldGen       total 167936K, used 96K [0x00000006cb600000, 0x00000006d5a00000, 0x000000076e780000)
  object space 167936K, 0% used [0x00000006cb600000,0x00000006cb618010,0x00000006d5a00000)
 Metaspace       used 20964K, capacity 21198K, committed 21248K, reserved 1069056K
  class space    used 2457K, capacity 2552K, committed 2560K, reserved 1048576K
Event: 2.507 GC heap after
Heap after GC invocations=2 (full 1):
 PSYoungGen      total 73728K, used 0K [0x000000076e780000, 0x0000000773980000, 0x00000007c0000000)
  eden space 63488K, 0% used [0x000000076e780000,0x000000076e780000,0x0000000772580000)
  from space 10240K, 0% used [0x0000000772580000,0x0000000772580000,0x0000000772f80000)
  to   space 10240K, 0% used [0x0000000772f80000,0x0000000772f80000,0x0000000773980000)
 ParOldGen       total 121344K, used 7504K [0x00000006cb600000, 0x00000006d2c80000, 0x000000076e780000)
  object space 121344K, 6% used [0x00000006cb600000,0x00000006cbd54140,0x00000006d2c80000)
 Metaspace       used 20964K, capacity 21198K, committed 21248K, reserved 1069056K
  class space    used 2457K, capacity 2552K, committed 2560K, reserved 1048576K
}
Event: 6.459 GC heap before
{Heap before GC invocations=3 (full 1):
 PSYoungGen      total 73728K, used 63488K [0x000000076e780000, 0x0000000773980000, 0x00000007c0000000)
  eden space 63488K, 100% used [0x000000076e780000,0x0000000772580000,0x0000000772580000)
  from space 10240K, 0% used [0x0000000772580000,0x0000000772580000,0x0000000772f80000)
  to   space 10240K, 0% used [0x0000000772f80000,0x0000000772f80000,0x0000000773980000)
 ParOldGen       total 121344K, used 7691K [0x00000006cb600000, 0x00000006d2c80000, 0x000000076e780000)
  object space 121344K, 6% used [0x00000006cb600000,0x00000006cbd82e50,0x00000006d2c80000)
 Metaspace       used 23442K, capacity 23706K, committed 23808K, reserved 1071104K
  class space    used 2710K, capacity 2795K, committed 2816K, reserved 1048576K
Event: 6.462 GC heap after
Heap after GC invocations=3 (full 1):
 PSYoungGen      total 73728K, used 3901K [0x000000076e780000, 0x0000000774300000, 0x00000007c0000000)
  eden space 63488K, 0% used [0x000000076e780000,0x000000076e780000,0x0000000772580000)
  from space 10240K, 38% used [0x0000000772f80000,0x000000077334f7b0,0x0000000773980000)
  to   space 10240K, 0% used [0x0000000772580000,0x0000000772580000,0x0000000772f80000)
 ParOldGen       total 121344K, used 7699K [0x00000006cb600000, 0x00000006d2c80000, 0x000000076e780000)
  object space 121344K, 6% used [0x00000006cb600000,0x00000006cbd84e50,0x00000006d2c80000)
 Metaspace       used 23442K, capacity 23706K, committed 23808K, reserved 1071104K
  class space    used 2710K, capacity 2795K, committed 2816K, reserved 1048576K
}

