# JRE version: Java(TM) SE Runtime Environment (8.0_162-b12) (build 1.8.0_162-b12)
# Java VM: Java HotSpot(TM) 64-Bit Server VM (25.162-b12 mixed mode linux-amd64 compressed oops)
Heap:
 PSYoungGen      total 73728K, used 62859K [0x000000076e780000, 0x0000000777780000, 0x00000007c0000000)
  eden space 63488K, 99% used [0x000000076e780000,0x00000007724e2cc8,0x0000000772580000)
  from space 10240K, 0% used [0x0000000772f80000,0x0000000772f80000,0x0000000773980000)
  to   space 10240K, 0% used [0x0000000772580000,0x0000000772580000,0x0000000772f80000)
 ParOldGen       total 81920K, used 7584K [0x00000006cb600000, 0x00000006d0600000, 0x000000076e780000)
  object space 81920K, 9% used [0x00000006cb600000,0x00000006cbd682b8,0x00000006d0600000)
 Metaspace       used 24472K, capacity 24850K, committed 25088K, reserved 1071104K
  class space    used 2841K, capacity 2974K, committed 3072K, reserved 1048576K
GC Heap History (6 events):
Event: 1.893 GC heap before
{Heap before GC invocations=1 (full 0):
 PSYoungGen      total 73728K, used 63488K [0x000000076e780000, 0x0000000773980000, 0x00000007c0000000)
  eden space 63488K, 100% used [0x000000076e780000,0x0000000772580000,0x0000000772580000)
  from space 10240K, 0% used [0x0000000772f80000,0x0000000772f80000,0x0000000773980000)
  to   space 10240K, 0% used [0x0000000772580000,0x0000000772580000,0x0000000772f80000)
 ParOldGen       total 167936K, used 0K [0x00000006cb600000, 0x00000006d5a00000, 0x000000076e780000)
  object space 167936K, 0% used [0x00000006cb600000,0x00000006cb600000,0x00000006d5a00000)
 Metaspace       used 19851K, capacity 20068K, committed 20352K, reserved 1067008K
  class space    used 2317K, capacity 2389K, committed 2432K, reserved 1048576K
Event: 1.899 GC heap after
Heap after GC invocations=1 (full 0):
 PSYoungGen      total 73728K, used 7771K [0x000000076e780000, 0x0000000773980000, 0x00000007c0000000)
  eden space 63488K, 0% used [0x000000076e780000,0x000000076e780000,0x0000000772580000)
  from space 10240K, 75% used [0x0000000772580000,0x0000000772d16c98,0x0000000772f80000)
  to   space 10240K, 0% used [0x0000000772f80000,0x0000000772f80000,0x0000000773980000)
 ParOldGen       total 167936K, used 96K [0x00000006cb600000, 0x00000006d5a00000, 0x000000076e780000)
  object space 167936K, 0% used [0x00000006cb600000,0x00000006cb618010,0x00000006d5a00000)
 Metaspace       used 19851K, capacity 20068K, committed 20352K, reserved 1067008K
  class space    used 2317K, capacity 2389K, committed 2432K, reserved 1048576K
}
Event: 1.942 GC heap before
{Heap before GC invocations=2 (full 0):
 PSYoungGen      total 73728K, used 30719K [0x000000076e780000, 0x0000000773980000, 0x00000007c0000000)
  eden space 63488K, 36% used [0x000000076e780000,0x000000076fde90d0,0x0000000772580000)
  from space 10240K, 75% used [0x0000000772580000,0x0000000772d16c98,0x0000000772f80000)
  to   space 10240K, 0% used [0x0000000772f80000,0x0000000772f80000,0x0000000773980000)
 ParOldGen       total 167936K, used 96K [0x00000006cb600000, 0x00000006d5a00000, 0x000000076e780000)
  object space 167936K, 0% used [0x00000006cb600000,0x00000006cb618010,0x00000006d5a00000)
 Metaspace       used 21025K, capacity 21224K, committed 21248K, reserved 1069056K
  class space    used 2467K, capacity 2559K, committed 2560K, reserved 1048576K
Event: 1.948 GC heap after
Heap after GC invocations=2 (full 0):
 PSYoungGen      total 73728K, used 7800K [0x000000076e780000, 0x0000000777780000, 0x00000007c0000000)
  eden space 63488K, 0% used [0x000000076e780000,0x000000076e780000,0x0000000772580000)
  from space 10240K, 76% used [0x0000000772f80000,0x000000077371e1a0,0x0000000773980000)
  to   space 10240K, 0% used [0x0000000772580000,0x0000000772580000,0x0000000772f80000)
 ParOldGen       total 167936K, used 104K [0x00000006cb600000, 0x00000006d5a00000, 0x000000076e780000)
  object space 167936K, 0% used [0x00000006cb600000,0x00000006cb61a010,0x00000006d5a00000)
 Metaspace       used 21025K, capacity 21224K, committed 21248K, reserved 1069056K
  class space    used 2467K, capacity 2559K, committed 2560K, reserved 1048576K
}
Event: 1.948 GC heap before
{Heap before GC invocations=3 (full 1):
 PSYoungGen      total 73728K, used 7800K [0x000000076e780000, 0x0000000777780000, 0x00000007c0000000)
  eden space 63488K, 0% used [0x000000076e780000,0x000000076e780000,0x0000000772580000)
  from space 10240K, 76% used [0x0000000772f80000,0x000000077371e1a0,0x0000000773980000)
  to   space 10240K, 0% used [0x0000000772580000,0x0000000772580000,0x0000000772f80000)
 ParOldGen       total 167936K, used 104K [0x00000006cb600000, 0x00000006d5a00000, 0x000000076e780000)
  object space 167936K, 0% used [0x00000006cb600000,0x00000006cb61a010,0x00000006d5a00000)
 Metaspace       used 21025K, capacity 21224K, committed 21248K, reserved 1069056K
  class space    used 2467K, capacity 2559K, committed 2560K, reserved 1048576K
Event: 1.969 GC heap after
Heap after GC invocations=3 (full 1):
 PSYoungGen      total 73728K, used 0K [0x000000076e780000, 0x0000000777780000, 0x00000007c0000000)
  eden space 63488K, 0% used [0x000000076e780000,0x000000076e780000,0x0000000772580000)
  from space 10240K, 0% used [0x0000000772f80000,0x0000000772f80000,0x0000000773980000)
  to   space 10240K, 0% used [0x0000000772580000,0x0000000772580000,0x0000000772f80000)
 ParOldGen       total 81920K, used 7584K [0x00000006cb600000, 0x00000006d0600000, 0x000000076e780000)
  object space 81920K, 9% used [0x00000006cb600000,0x00000006cbd682b8,0x00000006d0600000)
 Metaspace       used 21014K, capacity 21206K, committed 21248K, reserved 1069056K
  class space    used 2465K, capacity 2556K, committed 2560K, reserved 1048576K
}

