<?xml version="1.0" encoding="UTF-8"?>
<!-- Generated by org.testng.reporters.JUnitXMLReporter -->
<testsuite ignored="3" hostname="karunakar-Latitude-7410" failures="0" tests="10" name="test" time="84.985" errors="0" timestamp="2025-07-17T15:34:04 IST">
  <testcase classname="test.loacationAndLoginTest" name="locationTest" time="7.372"/>
  <testcase classname="test.loacationAndLoginTest" name="loginTest" time="15.531"/>
  <testcase classname="test.loacationAndLoginTest" name="fetchOTPFromDBTest" time="11.957"/>
  <testcase classname="test.loacationAndLoginTest" name="miniCartTest" time="4.672"/>
  <testcase classname="test.loacationAndLoginTest" name="proceedToCheckoutTest" time="5.129"/>
  <testcase classname="test.loacationAndLoginTest" name="selectPatientTest" time="5.664"/>
  <testcase classname="test.loacationAndLoginTest" name="prescriptionDetailsTest" time="6.203"/>
  <testcase classname="test.loacationAndLoginTest" name="deliveryDetailsTest" time="3.177"/>
  <testcase classname="test.loacationAndLoginTest" name="promotionsAndReviewTest" time="3.091"/>
  <testcase classname="test.loacationAndLoginTest" name="netPaymentTest" time="15.274"/>
  <testcase classname="test.loacationAndLoginTest" name="paymentDetailsTest" time="0.0">
    <ignored/>
  </testcase> <!-- paymentDetailsTest -->
  <testcase classname="test.loacationAndLoginTest" name="closeBrowserTest" time="0.0">
    <ignored/>
  </testcase> <!-- closeBrowserTest -->
  <testcase classname="test.loacationAndLoginTest" name="searchAndAddProductTest" time="0.0">
    <ignored/>
  </testcase> <!-- searchAndAddProductTest -->
</testsuite> <!-- test -->
