<?xml version="1.0" encoding="UTF-8"?>
<!-- Generated by org.testng.reporters.JUnitXMLReporter -->
<testsuite ignored="0" hostname="karunakar-Latitude-7410" failures="0" tests="4" name="test" time="93.179" errors="0" timestamp="2025-07-10T19:50:36 IST">
  <testcase classname="test.loacationAndLoginTest" name="locationTest" time="7.476"/>
  <testcase classname="test.loacationAndLoginTest" name="loginTest" time="15.564"/>
  <testcase classname="test.loacationAndLoginTest" name="fetchOTPFromDBTest" time="35.896"/>
  <testcase classname="test.loacationAndLoginTest" name="searchAndAddProductTest" time="26.652"/>
</testsuite> <!-- test -->
