<?xml version="1.0" encoding="UTF-8"?>
<testng-results ignored="1" total="9" passed="7" failed="1" skipped="0">
  <reporter-output>
  </reporter-output>
  <suite started-at="2025-07-11T20:26:03 IST" name="test" finished-at="2025-07-11T20:27:27 IST" duration-ms="84353">
    <groups>
    </groups>
    <test started-at="2025-07-11T20:26:03 IST" name="test" finished-at="2025-07-11T20:27:27 IST" duration-ms="84353">
      <class name="test.loacationAndLoginTest">
        <test-method is-config="true" signature="launchBrowser()[pri:0, instance:test.loacationAndLoginTest@7a675056]" started-at="2025-07-11T20:26:03 IST" name="launchBrowser" finished-at="2025-07-11T20:26:11 IST" duration-ms="8029" status="PASS">
          <reporter-output>
          </reporter-output>
        </test-method> <!-- launchBrowser -->
        <test-method signature="locationTest()[pri:0, instance:test.loacationAndLoginTest@7a675056]" started-at="2025-07-11T20:26:11 IST" name="locationTest" finished-at="2025-07-11T20:26:19 IST" duration-ms="7499" status="PASS">
          <reporter-output>
          </reporter-output>
        </test-method> <!-- locationTest -->
        <test-method signature="loginTest()[pri:0, instance:test.loacationAndLoginTest@7a675056]" started-at="2025-07-11T20:26:19 IST" name="loginTest" finished-at="2025-07-11T20:26:34 IST" duration-ms="15523" status="PASS">
          <reporter-output>
          </reporter-output>
        </test-method> <!-- loginTest -->
        <test-method signature="fetchOTPFromDBTest()[pri:0, instance:test.loacationAndLoginTest@7a675056]" started-at="2025-07-11T20:26:34 IST" name="fetchOTPFromDBTest" finished-at="2025-07-11T20:27:12 IST" duration-ms="38308" status="FAIL">
          <exception class="java.lang.AssertionError">
            <message>
              <![CDATA[OTP input field not found]]>
            </message>
            <full-stacktrace>
              <![CDATA[java.lang.AssertionError: OTP input field not found
at org.testng.Assert.fail(Assert.java:111)
at page.MartLocationandLoginPage.fetchOTPFromDB(MartLocationandLoginPage.java:138)
at test.loacationAndLoginTest.fetchOTPFromDBTest(loacationAndLoginTest.java:37)
at java.base/jdk.internal.reflect.NativeMethodAccessorImpl.invoke0(Native Method)
at java.base/jdk.internal.reflect.NativeMethodAccessorImpl.invoke(NativeMethodAccessorImpl.java:62)
at java.base/jdk.internal.reflect.DelegatingMethodAccessorImpl.invoke(DelegatingMethodAccessorImpl.java:43)
at java.base/java.lang.reflect.Method.invoke(Method.java:566)
at org.testng.internal.invokers.MethodInvocationHelper.invokeMethod(MethodInvocationHelper.java:141)
at org.testng.internal.invokers.TestInvoker.invokeMethod(TestInvoker.java:687)
at org.testng.internal.invokers.TestInvoker.invokeTestMethod(TestInvoker.java:230)
at org.testng.internal.invokers.MethodRunner.runInSequence(MethodRunner.java:63)
at org.testng.internal.invokers.TestInvoker$MethodInvocationAgent.invoke(TestInvoker.java:995)
at org.testng.internal.invokers.TestInvoker.invokeTestMethods(TestInvoker.java:203)
at org.testng.internal.invokers.TestMethodWorker.invokeTestMethods(TestMethodWorker.java:154)
at org.testng.internal.invokers.TestMethodWorker.run(TestMethodWorker.java:134)
at java.base/java.util.ArrayList.forEach(ArrayList.java:1541)
at org.testng.TestRunner.privateRun(TestRunner.java:741)
at org.testng.TestRunner.run(TestRunner.java:616)
at org.testng.SuiteRunner.runTest(SuiteRunner.java:421)
at org.testng.SuiteRunner.runSequentially(SuiteRunner.java:413)
at org.testng.SuiteRunner.privateRun(SuiteRunner.java:373)
at org.testng.SuiteRunner.run(SuiteRunner.java:312)
at org.testng.SuiteRunnerWorker.runSuite(SuiteRunnerWorker.java:52)
at org.testng.SuiteRunnerWorker.run(SuiteRunnerWorker.java:95)
at org.testng.TestNG.runSuitesSequentially(TestNG.java:1274)
at org.testng.TestNG.runSuitesLocally(TestNG.java:1208)
at org.testng.TestNG.runSuites(TestNG.java:1112)
at org.testng.TestNG.run(TestNG.java:1079)
at org.testng.remote.AbstractRemoteTestNG.run(AbstractRemoteTestNG.java:115)
at org.testng.remote.RemoteTestNG.initAndRun(RemoteTestNG.java:293)
at org.testng.remote.RemoteTestNG.main(RemoteTestNG.java:91)
]]>
            </full-stacktrace>
          </exception> <!-- java.lang.AssertionError -->
          <reporter-output>
          </reporter-output>
        </test-method> <!-- fetchOTPFromDBTest -->
        <test-method signature="miniCartTest()[pri:0, instance:test.loacationAndLoginTest@7a675056]" started-at="2025-07-11T20:27:12 IST" name="miniCartTest" finished-at="2025-07-11T20:27:16 IST" duration-ms="3157" status="PASS">
          <reporter-output>
          </reporter-output>
        </test-method> <!-- miniCartTest -->
        <test-method signature="proceedToCheckoutTest()[pri:0, instance:test.loacationAndLoginTest@7a675056]" started-at="2025-07-11T20:27:16 IST" name="proceedToCheckoutTest" finished-at="2025-07-11T20:27:16 IST" duration-ms="181" status="PASS">
          <reporter-output>
          </reporter-output>
        </test-method> <!-- proceedToCheckoutTest -->
        <test-method signature="selectPatientTest()[pri:0, instance:test.loacationAndLoginTest@7a675056]" started-at="2025-07-11T20:27:16 IST" name="selectPatientTest" finished-at="2025-07-11T20:27:24 IST" duration-ms="8396" status="PASS">
          <reporter-output>
          </reporter-output>
        </test-method> <!-- selectPatientTest -->
        <test-method signature="proceedButtonTest()[pri:0, instance:test.loacationAndLoginTest@7a675056]" started-at="2025-07-11T20:27:24 IST" name="proceedButtonTest" finished-at="2025-07-11T20:27:27 IST" duration-ms="3108" status="PASS">
          <reporter-output>
          </reporter-output>
        </test-method> <!-- proceedButtonTest -->
        <test-method signature="closeBrowserTest()[pri:0, instance:test.loacationAndLoginTest@7a675056]" started-at="2025-07-11T20:27:27 IST" name="closeBrowserTest" finished-at="2025-07-11T20:27:27 IST" duration-ms="99" status="PASS">
          <reporter-output>
          </reporter-output>
        </test-method> <!-- closeBrowserTest -->
      </class> <!-- test.loacationAndLoginTest -->
    </test> <!-- test -->
  </suite> <!-- test -->
</testng-results>
