<?xml version="1.0" encoding="UTF-8"?>
<!-- Generated by org.testng.reporters.JUnitXMLReporter -->
<testsuite ignored="0" hostname="karunakar-Latitude-7410" failures="1" tests="1" name="Test" time="5.644" errors="0" timestamp="2025-07-02T19:41:23 IST">
  <testcase classname="MartTestNg" name="@AfterClass afterClass" time="-1.751465483644E9">
    <failure type="org.testng.TestNGException" message="
Can inject only one of &amp;lt;ITestContext, XmlTest&amp;gt; into a @AfterClass annotated afterClass.
For more information on native dependency injection please refer to https://testng.org/#_dependency_injection">
      <![CDATA[org.testng.TestNGException: 
Can inject only one of <ITestContext, XmlTest> into a @AfterClass annotated afterClass.
For more information on native dependency injection please refer to https://testng.org/#_dependency_injection
at java.base/java.util.ArrayList.forEach(ArrayList.java:1541)
... Removed 23 stack frames]]>
    </failure>
  </testcase> <!-- @AfterClass afterClass -->
  <testcase classname="MartTestNg" name="jnlp" time="0.0">
    <failure type="org.testng.TestNGException" message="
Cannot inject @Test annotated Method [jnlp] with [interface org.openqa.selenium.WebDriver].
For more information on native dependency injection please refer to https://testng.org/#_dependency_injection">
      <![CDATA[org.testng.TestNGException: 
Cannot inject @Test annotated Method [jnlp] with [interface org.openqa.selenium.WebDriver].
For more information on native dependency injection please refer to https://testng.org/#_dependency_injection
at java.base/java.util.ArrayList.forEach(ArrayList.java:1541)
... Removed 26 stack frames]]>
    </failure>
  </testcase> <!-- jnlp -->
</testsuite> <!-- Test -->
